[102b.ck]:line(1): error: undefined type 'Foo'...
[102b.ck]:line(1): error: ... in declaration ...
